d:\01_unity\2024gameprogramming\dxstart3\engine\x64\debug\engine.pch
d:\01_unity\2024gameprogramming\dxstart3\output\engine.pdb
d:\01_unity\2024gameprogramming\dxstart3\output\engine.idb
d:\01_unity\2024gameprogramming\dxstart3\engine\x64\debug\pch.obj
d:\01_unity\2024gameprogramming\dxstart3\engine\x64\debug\swapchain.obj
d:\01_unity\2024gameprogramming\dxstart3\engine\x64\debug\shader.obj
d:\01_unity\2024gameprogramming\dxstart3\engine\x64\debug\rootsignature.obj
d:\01_unity\2024gameprogramming\dxstart3\engine\x64\debug\mesh.obj
d:\01_unity\2024gameprogramming\dxstart3\engine\x64\debug\enginepch.obj
d:\01_unity\2024gameprogramming\dxstart3\engine\x64\debug\engine.obj
d:\01_unity\2024gameprogramming\dxstart3\engine\x64\debug\device.obj
d:\01_unity\2024gameprogramming\dxstart3\engine\x64\debug\descriptorheap.obj
d:\01_unity\2024gameprogramming\dxstart3\engine\x64\debug\commandqueue.obj
d:\01_unity\2024gameprogramming\dxstart3\output\engine.lib
d:\01_unity\2024gameprogramming\dxstart3\engine\x64\debug\engine.tlog\cl.command.1.tlog
d:\01_unity\2024gameprogramming\dxstart3\engine\x64\debug\engine.tlog\cl.read.1.tlog
d:\01_unity\2024gameprogramming\dxstart3\engine\x64\debug\engine.tlog\cl.write.1.tlog
d:\01_unity\2024gameprogramming\dxstart3\engine\x64\debug\engine.tlog\lib-link.read.1.tlog
d:\01_unity\2024gameprogramming\dxstart3\engine\x64\debug\engine.tlog\lib-link.write.1.tlog
d:\01_unity\2024gameprogramming\dxstart3\engine\x64\debug\engine.tlog\lib.command.1.tlog
